生成启动时间为 2014/6/12 19:35:34。
     1>项目“D:\文档\工程\VC\ImageSpecialEffectsQt\ImageSpecialEffectsQt\ImageSpecialEffectsQt.vcxproj”在节点 2 上(Rebuild 个目标)。
     1>CustomBuild:
         Moc'ing imagespecialeffectsqt.h...
         Uic'ing imagespecialeffectsqt.ui...
         Moc'ing balanceDialog.h...
         Rcc'ing imagespecialeffectsqt.qrc...
     1>RCC : warning : No resources in 'D:\鏂囨。\宸ョ▼\VC\ImageSpecialEffectsQt\ImageSpecialEffectsQt\imagespecialeffectsqt.qrc'.
         
         Uic'ing balanceDialog.ui...
       ClCompile:
         D:\Microsoft Visual Studio 11.0\VC\bin\CL.exe /c /I.\GeneratedFiles /I. /IC:\Qt\Qt5.1.0\5.1.0\msvc2012_64_opengl\include /I.\GeneratedFiles\Debug /IC:\Qt\Qt5.1.0\5.1.0\msvc2012_64_opengl\include\QtCore /IC:\Qt\Qt5.1.0\5.1.0\msvc2012_64_opengl\include\QtGui /IC:\Qt\Qt5.1.0\5.1.0\msvc2012_64_opengl\include\QtWidgets /Zi /nologo /W1 /WX- /Od /Oy- /D CODE_ANALYSIS /D UNICODE /D WIN32 /D WIN64 /D QT_DLL /D QT_CORE_LIB /D QT_GUI_LIB /D QT_WIDGETS_LIB /Gm- /EHsc /MDd /GS /fp:precise /Zc:wchar_t- /Zc:forScope /Fo"Debug\\" /Fd"Debug\vc110.pdb" /Gd /TP /analyze /analyze:log "Debug\balanceDialog.cpp.nativecodeanalysis.xml" /analyze:pluginlocalespc.dll /errorReport:prompt   /analyze:quiet balanceDialog.cpp
         balanceDialog.cpp
         D:\Microsoft Visual Studio 11.0\VC\bin\CL.exe /c /I.\GeneratedFiles /I. /IC:\Qt\Qt5.1.0\5.1.0\msvc2012_64_opengl\include /I.\GeneratedFiles\Debug /IC:\Qt\Qt5.1.0\5.1.0\msvc2012_64_opengl\include\QtCore /IC:\Qt\Qt5.1.0\5.1.0\msvc2012_64_opengl\include\QtGui /IC:\Qt\Qt5.1.0\5.1.0\msvc2012_64_opengl\include\QtWidgets /Zi /nologo /W1 /WX- /Od /Oy- /D CODE_ANALYSIS /D UNICODE /D WIN32 /D WIN64 /D QT_DLL /D QT_CORE_LIB /D QT_GUI_LIB /D QT_WIDGETS_LIB /Gm- /EHsc /MDd /GS /fp:precise /Zc:wchar_t- /Zc:forScope /Fo"Debug\\" /Fd"Debug\vc110.pdb" /Gd /TP /analyze /analyze:log "Debug\moc_balanceDialog.cpp.nativecodeanalysis.xml" /analyze:pluginlocalespc.dll /errorReport:prompt   /analyze:quiet GeneratedFiles\Debug\moc_balanceDialog.cpp
         moc_balanceDialog.cpp
         D:\Microsoft Visual Studio 11.0\VC\bin\CL.exe /c /I.\GeneratedFiles /I. /IC:\Qt\Qt5.1.0\5.1.0\msvc2012_64_opengl\include /I.\GeneratedFiles\Debug /IC:\Qt\Qt5.1.0\5.1.0\msvc2012_64_opengl\include\QtCore /IC:\Qt\Qt5.1.0\5.1.0\msvc2012_64_opengl\include\QtGui /IC:\Qt\Qt5.1.0\5.1.0\msvc2012_64_opengl\include\QtWidgets /Zi /nologo /W1 /WX- /Od /Oy- /D CODE_ANALYSIS /D UNICODE /D WIN32 /D WIN64 /D QT_DLL /D QT_CORE_LIB /D QT_GUI_LIB /D QT_WIDGETS_LIB /Gm- /EHsc /MDd /GS /fp:precise /Zc:wchar_t- /Zc:forScope /Fo"Debug\\" /Fd"Debug\vc110.pdb" /Gd /TP /analyze /analyze:log "Debug\moc_imagespecialeffectsqt.cpp.nativecodeanalysis.xml" /analyze:pluginlocalespc.dll /errorReport:prompt   /analyze:quiet GeneratedFiles\Debug\moc_imagespecialeffectsqt.cpp
         moc_imagespecialeffectsqt.cpp
         D:\Microsoft Visual Studio 11.0\VC\bin\CL.exe /c /I.\GeneratedFiles /I. /IC:\Qt\Qt5.1.0\5.1.0\msvc2012_64_opengl\include /I.\GeneratedFiles\Debug /IC:\Qt\Qt5.1.0\5.1.0\msvc2012_64_opengl\include\QtCore /IC:\Qt\Qt5.1.0\5.1.0\msvc2012_64_opengl\include\QtGui /IC:\Qt\Qt5.1.0\5.1.0\msvc2012_64_opengl\include\QtWidgets /Zi /nologo /W1 /WX- /Od /Oy- /D CODE_ANALYSIS /D UNICODE /D WIN32 /D WIN64 /D QT_DLL /D QT_CORE_LIB /D QT_GUI_LIB /D QT_WIDGETS_LIB /Gm- /EHsc /MDd /GS /fp:precise /Zc:wchar_t- /Zc:forScope /Fo"Debug\\" /Fd"Debug\vc110.pdb" /Gd /TP /analyze /analyze:log "Debug\qrc_imagespecialeffectsqt.cpp.nativecodeanalysis.xml" /analyze:pluginlocalespc.dll /errorReport:prompt   /analyze:quiet GeneratedFiles\qrc_imagespecialeffectsqt.cpp
         qrc_imagespecialeffectsqt.cpp
         D:\Microsoft Visual Studio 11.0\VC\bin\CL.exe /c /I.\GeneratedFiles /I. /IC:\Qt\Qt5.1.0\5.1.0\msvc2012_64_opengl\include /I.\GeneratedFiles\Debug /IC:\Qt\Qt5.1.0\5.1.0\msvc2012_64_opengl\include\QtCore /IC:\Qt\Qt5.1.0\5.1.0\msvc2012_64_opengl\include\QtGui /IC:\Qt\Qt5.1.0\5.1.0\msvc2012_64_opengl\include\QtWidgets /Zi /nologo /W1 /WX- /Od /Oy- /D CODE_ANALYSIS /D UNICODE /D WIN32 /D WIN64 /D QT_DLL /D QT_CORE_LIB /D QT_GUI_LIB /D QT_WIDGETS_LIB /Gm- /EHsc /MDd /GS /fp:precise /Zc:wchar_t- /Zc:forScope /Fo"Debug\\" /Fd"Debug\vc110.pdb" /Gd /TP /analyze /analyze:log "Debug\imagespecialeffectsqt.cpp.nativecodeanalysis.xml" /analyze:pluginlocalespc.dll /errorReport:prompt   /analyze:quiet imagespecialeffectsqt.cpp
         imagespecialeffectsqt.cpp
         D:\Microsoft Visual Studio 11.0\VC\bin\CL.exe /c /I.\GeneratedFiles /I. /IC:\Qt\Qt5.1.0\5.1.0\msvc2012_64_opengl\include /I.\GeneratedFiles\Debug /IC:\Qt\Qt5.1.0\5.1.0\msvc2012_64_opengl\include\QtCore /IC:\Qt\Qt5.1.0\5.1.0\msvc2012_64_opengl\include\QtGui /IC:\Qt\Qt5.1.0\5.1.0\msvc2012_64_opengl\include\QtWidgets /Zi /nologo /W1 /WX- /Od /Oy- /D CODE_ANALYSIS /D UNICODE /D WIN32 /D WIN64 /D QT_DLL /D QT_CORE_LIB /D QT_GUI_LIB /D QT_WIDGETS_LIB /Gm- /EHsc /MDd /GS /fp:precise /Zc:wchar_t- /Zc:forScope /Fo"Debug\\" /Fd"Debug\vc110.pdb" /Gd /TP /analyze /analyze:log "Debug\main.cpp.nativecodeanalysis.xml" /analyze:pluginlocalespc.dll /errorReport:prompt   /analyze:quiet main.cpp
         main.cpp
       ResourceCompile:
         C:\Program Files (x86)\Windows Kits\8.0\bin\x86\rc.exe /l"0x0409" /nologo /fo"Debug\ImageSpecialEffectsQt.res" ImageSpecialEffectsQt.rc 
       Link:
         D:\Microsoft Visual Studio 11.0\VC\bin\link.exe /ERRORREPORT:PROMPT /OUT:"D:\文档\工程\VC\ImageSpecialEffectsQt\Win32\Debug\\ImageSpecialEffectsQt.exe" /NOLOGO /LIBPATH:C:\Qt\Qt5.1.0\5.1.0\msvc2012_64_opengl\lib qtmaind.lib Qt5Cored.lib Qt5Guid.lib Qt5Widgetsd.lib kernel32.lib user32.lib gdi32.lib winspool.lib comdlg32.lib advapi32.lib shell32.lib ole32.lib oleaut32.lib uuid.lib odbc32.lib odbccp32.lib /MANIFEST /MANIFESTUAC:"level='asInvoker' uiAccess='false'" /manifest:embed /DEBUG /PDB:"D:\文档\工程\VC\ImageSpecialEffectsQt\Win32\Debug\ImageSpecialEffectsQt.pdb" /SUBSYSTEM:WINDOWS /TLBID:1 /DYNAMICBASE /NXCOMPAT /IMPLIB:"D:\文档\工程\VC\ImageSpecialEffectsQt\Win32\Debug\ImageSpecialEffectsQt.lib" /MACHINE:X86 /SAFESEH Debug\ImageSpecialEffectsQt.res
         Debug\balanceDialog.obj
         Debug\moc_balanceDialog.obj
         Debug\moc_imagespecialeffectsqt.obj
         Debug\qrc_imagespecialeffectsqt.obj
         Debug\imagespecialeffectsqt.obj
         Debug\main.obj
     1>Qt5Widgetsd.lib(Qt5Widgetsd.dll) : fatal error LNK1112: 模块计算机类型“x64”与目标计算机类型“X86”冲突
     1>已完成生成项目“D:\文档\工程\VC\ImageSpecialEffectsQt\ImageSpecialEffectsQt\ImageSpecialEffectsQt.vcxproj”(Rebuild 个目标)的操作 - 失败。

生成失败。

已用时间 00:01:28.47
